
-----
Test: tests/test_price_exists.py::TestPriceExists::test_add_same_product_twice (call)
Start time: 2026-04-13 23:59:56.539778
Start URL: https://капибара161.рф/products/category/5382072

End time: 2026-04-13 23:59:56.845885
End name method: click
URL: https://xn--161-5cdaaf9cq5co.xn--p1ai/products/category/5382072

-----
End time: 2026-04-13 23:59:57.403805
End name method: click
URL: https://xn--161-5cdaaf9cq5co.xn--p1ai/products/category/5382072?min_cost=&max_cost=&text=&productGroup=0&productCustomGroup=0&page=1&sort=1

-----
End time: 2026-04-13 23:59:57.637757
End name method: click
URL: https://xn--161-5cdaaf9cq5co.xn--p1ai/products/category/5382072?min_cost=&max_cost=&text=&productGroup=0&productCustomGroup=0&page=1&sort=1

-----
End time: 2026-04-14 00:00:03.267598
End name method: click
URL: https://xn--161-5cdaaf9cq5co.xn--p1ai/products/viewcart

-----
