
-----
Test: tests/test_price_exists.py::TestPriceExists::test_remove_from_cart (call)
Start time: 2026-04-15 08:46:05.935524
Start URL: https://капибара161.рф/products/category/5382072

End time: 2026-04-15 08:46:06.215759
End name method: click
URL: https://xn--161-5cdaaf9cq5co.xn--p1ai/products/category/5382072

-----
End time: 2026-04-15 08:46:06.892900
End name method: click
URL: https://xn--161-5cdaaf9cq5co.xn--p1ai/products/category/5382072?min_cost=&max_cost=&text=&productGroup=0&productCustomGroup=0&page=1&sort=1

-----
End time: 2026-04-15 08:46:07.134712
End name method: click
URL: https://xn--161-5cdaaf9cq5co.xn--p1ai/products/category/5382072?min_cost=&max_cost=&text=&productGroup=0&productCustomGroup=0&page=1&sort=1

-----
End time: 2026-04-15 08:46:08.186337
End name method: click
URL: https://xn--161-5cdaaf9cq5co.xn--p1ai/products/viewcart

-----
