
-----
Test: tests/test_price_exists.py::TestPriceExists::test_remove_from_cart (call)
Start time: 2026-04-13 22:59:06.433627
Start URL: https://капибара161.рф/products/category/5382072

End time: 2026-04-13 22:59:06.714462
End name method: click
URL: https://xn--161-5cdaaf9cq5co.xn--p1ai/products/category/5382072

-----
End time: 2026-04-13 22:59:07.231677
End name method: click
URL: https://xn--161-5cdaaf9cq5co.xn--p1ai/products/category/5382072?min_cost=&max_cost=&text=&productGroup=0&productCustomGroup=0&page=1&sort=1

-----
End time: 2026-04-13 22:59:07.490434
End name method: click
URL: https://xn--161-5cdaaf9cq5co.xn--p1ai/products/category/5382072?min_cost=&max_cost=&text=&productGroup=0&productCustomGroup=0&page=1&sort=1

-----
End time: 2026-04-13 22:59:09.545514
End name method: click
URL: https://xn--161-5cdaaf9cq5co.xn--p1ai/products/viewcart

-----
